d:\zhou_workspace\1_dolphin64\2_matlab\v0.2.3\2_vs\1_planebeam_gpu_realdata_v1.1.2\lunwen_20250915\20250915\planebeam_gpu_realdata\planebeam_gpu_realdata\build\x64\release\planebeam_gpu_realdata_mex.obj
d:\zhou_workspace\1_dolphin64\2_matlab\v0.2.3\2_vs\1_planebeam_gpu_realdata_v1.1.2\lunwen_20250915\20250915\planebeam_gpu_realdata\planebeam_gpu_realdata\build\x64\release\cpp_mexapi_version.obj
d:\zhou_workspace\1_dolphin64\2_matlab\v0.2.3\2_vs\1_planebeam_gpu_realdata_v1.1.2\lunwen_20250915\20250915\planebeam_gpu_realdata\planebeam_gpu_realdata\build\x64\release\cpp_mexapi_version.asm
d:\zhou_workspace\1_dolphin64\2_matlab\v0.2.3\2_vs\1_planebeam_gpu_realdata_v1.1.2\lunwen_20250915\20250915\planebeam_gpu_realdata\bin\x64\release\planebeam_gpu_realdata.mexw64
d:\zhou_workspace\1_dolphin64\2_matlab\v0.2.3\2_vs\1_planebeam_gpu_realdata_v1.1.2\lunwen_20250915\20250915\planebeam_gpu_realdata\planebeam_gpu_realdata\build\x64\release\planebeam_gpu_realdata.mexw64.intermediate.manifest
\\?\d:\zhou_workspace\1_dolphin64\2_matlab\v0.2.3\2_vs\1_planebeam_gpu_realdata_v1.1.2\lunwen_20250915\20250915\planebeam_gpu_realdata\bin\x64\release\planebeam_gpu_realdata.mexw64.manifest
d:\zhou_workspace\1_dolphin64\2_matlab\v0.2.3\2_vs\1_planebeam_gpu_realdata_v1.1.2\lunwen_20250915\20250915\planebeam_gpu_realdata\bin\x64\release\planebeam_gpu_realdata.lib
d:\zhou_workspace\1_dolphin64\2_matlab\v0.2.3\2_vs\1_planebeam_gpu_realdata_v1.1.2\lunwen_20250915\20250915\planebeam_gpu_realdata\bin\x64\release\planebeam_gpu_realdata.exp
d:\zhou_workspace\1_dolphin64\2_matlab\v0.2.3\2_vs\1_planebeam_gpu_realdata_v1.1.2\lunwen_20250915\20250915\planebeam_gpu_realdata\planebeam_gpu_realdata\build\x64\release\planebeam_gpu_realdata.vcxproj.filelistabsolute.txt
d:\zhou_workspace\1_dolphin64\2_matlab\v0.2.3\2_vs\1_planebeam_gpu_realdata_v1.1.2\lunwen_20250915\20250915\planebeam_gpu_realdata\planebeam_gpu_realdata\build\x64\release\planebea.14f7b44b.tlog\cl.command.1.tlog
d:\zhou_workspace\1_dolphin64\2_matlab\v0.2.3\2_vs\1_planebeam_gpu_realdata_v1.1.2\lunwen_20250915\20250915\planebeam_gpu_realdata\planebeam_gpu_realdata\build\x64\release\planebea.14f7b44b.tlog\cl.items.tlog
d:\zhou_workspace\1_dolphin64\2_matlab\v0.2.3\2_vs\1_planebeam_gpu_realdata_v1.1.2\lunwen_20250915\20250915\planebeam_gpu_realdata\planebeam_gpu_realdata\build\x64\release\planebea.14f7b44b.tlog\cl.read.1.tlog
d:\zhou_workspace\1_dolphin64\2_matlab\v0.2.3\2_vs\1_planebeam_gpu_realdata_v1.1.2\lunwen_20250915\20250915\planebeam_gpu_realdata\planebeam_gpu_realdata\build\x64\release\planebea.14f7b44b.tlog\cl.write.1.tlog
d:\zhou_workspace\1_dolphin64\2_matlab\v0.2.3\2_vs\1_planebeam_gpu_realdata_v1.1.2\lunwen_20250915\20250915\planebeam_gpu_realdata\planebeam_gpu_realdata\build\x64\release\planebea.14f7b44b.tlog\link.command.1.tlog
d:\zhou_workspace\1_dolphin64\2_matlab\v0.2.3\2_vs\1_planebeam_gpu_realdata_v1.1.2\lunwen_20250915\20250915\planebeam_gpu_realdata\planebeam_gpu_realdata\build\x64\release\planebea.14f7b44b.tlog\link.read.1.tlog
d:\zhou_workspace\1_dolphin64\2_matlab\v0.2.3\2_vs\1_planebeam_gpu_realdata_v1.1.2\lunwen_20250915\20250915\planebeam_gpu_realdata\planebeam_gpu_realdata\build\x64\release\planebea.14f7b44b.tlog\link.secondary.1.tlog
d:\zhou_workspace\1_dolphin64\2_matlab\v0.2.3\2_vs\1_planebeam_gpu_realdata_v1.1.2\lunwen_20250915\20250915\planebeam_gpu_realdata\planebeam_gpu_realdata\build\x64\release\planebea.14f7b44b.tlog\link.write.1.tlog
d:\zhou_workspace\1_dolphin64\2_matlab\v0.2.3\2_vs\1_planebeam_gpu_realdata_v1.1.2\lunwen_20250915\20250915\planebeam_gpu_realdata\planebeam_gpu_realdata\build\x64\release\planebea.14f7b44b.tlog\mt.command.1.tlog
d:\zhou_workspace\1_dolphin64\2_matlab\v0.2.3\2_vs\1_planebeam_gpu_realdata_v1.1.2\lunwen_20250915\20250915\planebeam_gpu_realdata\planebeam_gpu_realdata\build\x64\release\planebea.14f7b44b.tlog\mt.read.1.tlog
d:\zhou_workspace\1_dolphin64\2_matlab\v0.2.3\2_vs\1_planebeam_gpu_realdata_v1.1.2\lunwen_20250915\20250915\planebeam_gpu_realdata\planebeam_gpu_realdata\build\x64\release\planebea.14f7b44b.tlog\mt.write.1.tlog
